Library/Bee/Android/Prj/IL2CPP/Gradle/launcher/build/intermediates/manifest_merge_blame_file/debug/manifest-merger-blame-debug-report.txt
1<?xml version="1.0" encoding="utf-8"?>
2<manifest xmlns:android="http://schemas.android.com/apk/res/android"
3    package="com.AzurGamesTest.AzurGamesTest"
4    android:installLocation="preferExternal"
5    android:versionCode="1"
6    android:versionName="1.0.2" >
7
8    <uses-sdk
9        android:minSdkVersion="26"
9-->src\main\AndroidManifest.xml
10        android:targetSdkVersion="30" />
10-->src\main\AndroidManifest.xml
11
12    <supports-screens
12-->src\main\AndroidManifest.xml:3:3-163
13        android:anyDensity="true"
13-->src\main\AndroidManifest.xml:3:135-160
14        android:largeScreens="true"
14-->src\main\AndroidManifest.xml:3:78-105
15        android:normalScreens="true"
15-->src\main\AndroidManifest.xml:3:49-77
16        android:smallScreens="true"
16-->src\main\AndroidManifest.xml:3:21-48
17        android:xlargeScreens="true" />
17-->src\main\AndroidManifest.xml:3:106-134
18
19    <uses-feature android:glEsVersion="0x00030000" />
19-->[:unityLibrary] AndroidManifest.xml:12:5-54
19-->[:unityLibrary] AndroidManifest.xml:12:19-51
20    <uses-feature
20-->[:unityLibrary] AndroidManifest.xml:13:5-15:36
21        android:name="android.hardware.vulkan.version"
21-->[:unityLibrary] AndroidManifest.xml:14:9-55
22        android:required="false" />
22-->[:unityLibrary] AndroidManifest.xml:15:9-33
23
24    <uses-permission android:name="android.permission.INTERNET" />
24-->[:unityLibrary] AndroidManifest.xml:17:5-67
24-->[:unityLibrary] AndroidManifest.xml:17:22-64
25
26    <uses-feature
26-->[:unityLibrary] AndroidManifest.xml:19:5-21:36
27        android:name="android.hardware.touchscreen"
27-->[:unityLibrary] AndroidManifest.xml:20:9-52
28        android:required="false" />
28-->[:unityLibrary] AndroidManifest.xml:21:9-33
29    <uses-feature
29-->[:unityLibrary] AndroidManifest.xml:22:5-24:36
30        android:name="android.hardware.touchscreen.multitouch"
30-->[:unityLibrary] AndroidManifest.xml:23:9-63
31        android:required="false" />
31-->[:unityLibrary] AndroidManifest.xml:24:9-33
32    <uses-feature
32-->[:unityLibrary] AndroidManifest.xml:25:5-27:36
33        android:name="android.hardware.touchscreen.multitouch.distinct"
33-->[:unityLibrary] AndroidManifest.xml:26:9-72
34        android:required="false" />
34-->[:unityLibrary] AndroidManifest.xml:27:9-33
35
36    <uses-permission android:name="android.permission.POST_NOTIFICATIONS" />
36-->[:unityLibrary] AndroidManifest.xml:29:5-77
36-->[:unityLibrary] AndroidManifest.xml:29:22-74
37
38    <application
38-->src\main\AndroidManifest.xml:4:3-83
39        android:debuggable="true"
40        android:extractNativeLibs="true"
40-->[:unityLibrary] AndroidManifest.xml:31:18-50
41        android:icon="@mipmap/app_icon"
41-->src\main\AndroidManifest.xml:4:49-80
42        android:label="@string/app_name" >
42-->src\main\AndroidManifest.xml:4:16-48
43        <activity
43-->[:unityLibrary] AndroidManifest.xml:32:9-52:20
44            android:name="com.unity3d.player.UnityPlayerActivity"
44-->[:unityLibrary] AndroidManifest.xml:33:13-66
45            android:configChanges="mcc|mnc|locale|touchscreen|keyboard|keyboardHidden|navigation|orientation|screenLayout|uiMode|screenSize|smallestScreenSize|fontScale|layoutDirection|density"
45-->[:unityLibrary] AndroidManifest.xml:34:13-194
46            android:hardwareAccelerated="false"
46-->[:unityLibrary] AndroidManifest.xml:35:13-48
47            android:launchMode="singleTask"
47-->[:unityLibrary] AndroidManifest.xml:36:13-44
48            android:resizeableActivity="false"
48-->[:unityLibrary] AndroidManifest.xml:37:13-47
49            android:screenOrientation="portrait"
49-->[:unityLibrary] AndroidManifest.xml:38:13-49
50            android:theme="@style/UnityThemeSelector" >
50-->[:unityLibrary] AndroidManifest.xml:39:13-54
51            <intent-filter>
51-->[:unityLibrary] AndroidManifest.xml:40:13-44:29
52                <action android:name="android.intent.action.MAIN" />
52-->[:unityLibrary] AndroidManifest.xml:41:17-69
52-->[:unityLibrary] AndroidManifest.xml:41:25-66
53
54                <category android:name="android.intent.category.LAUNCHER" />
54-->[:unityLibrary] AndroidManifest.xml:43:17-77
54-->[:unityLibrary] AndroidManifest.xml:43:27-74
55            </intent-filter>
56
57            <meta-data
57-->[:unityLibrary] AndroidManifest.xml:46:13-48:40
58                android:name="unityplayer.UnityActivity"
58-->[:unityLibrary] AndroidManifest.xml:47:17-57
59                android:value="true" />
59-->[:unityLibrary] AndroidManifest.xml:48:17-37
60            <meta-data
60-->[:unityLibrary] AndroidManifest.xml:49:13-51:40
61                android:name="android.notch_support"
61-->[:unityLibrary] AndroidManifest.xml:50:17-53
62                android:value="true" />
62-->[:unityLibrary] AndroidManifest.xml:51:17-37
63        </activity>
64
65        <meta-data
65-->[:unityLibrary] AndroidManifest.xml:54:9-56:33
66            android:name="unity.splash-mode"
66-->[:unityLibrary] AndroidManifest.xml:55:13-45
67            android:value="0" />
67-->[:unityLibrary] AndroidManifest.xml:56:13-30
68        <meta-data
68-->[:unityLibrary] AndroidManifest.xml:57:9-59:36
69            android:name="unity.splash-enable"
69-->[:unityLibrary] AndroidManifest.xml:58:13-47
70            android:value="True" />
70-->[:unityLibrary] AndroidManifest.xml:59:13-33
71        <meta-data
71-->[:unityLibrary] AndroidManifest.xml:60:9-62:36
72            android:name="unity.launch-fullscreen"
72-->[:unityLibrary] AndroidManifest.xml:61:13-51
73            android:value="True" />
73-->[:unityLibrary] AndroidManifest.xml:62:13-33
74        <meta-data
74-->[:unityLibrary] AndroidManifest.xml:63:9-65:37
75            android:name="unity.allow-resizable-window"
75-->[:unityLibrary] AndroidManifest.xml:64:13-56
76            android:value="False" />
76-->[:unityLibrary] AndroidManifest.xml:65:13-34
77        <meta-data
77-->[:unityLibrary] AndroidManifest.xml:66:9-68:50
78            android:name="notch.config"
78-->[:unityLibrary] AndroidManifest.xml:67:13-40
79            android:value="portrait|landscape" />
79-->[:unityLibrary] AndroidManifest.xml:68:13-47
80        <meta-data
80-->[:unityLibrary] AndroidManifest.xml:69:9-71:36
81            android:name="unity.auto-report-fully-drawn"
81-->[:unityLibrary] AndroidManifest.xml:70:13-57
82            android:value="true" />
82-->[:unityLibrary] AndroidManifest.xml:71:13-33
83
84        <receiver
84-->[:unityLibrary] AndroidManifest.xml:73:9-75:40
85            android:name="com.unity.androidnotifications.UnityNotificationManager"
85-->[:unityLibrary] AndroidManifest.xml:74:13-83
86            android:exported="false" />
86-->[:unityLibrary] AndroidManifest.xml:75:13-37
87        <receiver
87-->[:unityLibrary] AndroidManifest.xml:76:9-83:20
88            android:name="com.unity.androidnotifications.UnityNotificationRestartOnBootReceiver"
88-->[:unityLibrary] AndroidManifest.xml:77:13-97
89            android:enabled="false"
89-->[:unityLibrary] AndroidManifest.xml:78:13-36
90            android:exported="false" >
90-->[:unityLibrary] AndroidManifest.xml:79:13-37
91            <intent-filter>
91-->[:unityLibrary] AndroidManifest.xml:80:13-82:29
92                <action android:name="android.intent.action.BOOT_COMPLETED" />
92-->[:unityLibrary] AndroidManifest.xml:81:17-79
92-->[:unityLibrary] AndroidManifest.xml:81:25-76
93            </intent-filter>
94        </receiver>
95
96        <meta-data
96-->[:unityLibrary] AndroidManifest.xml:85:9-87:33
97            android:name="com.unity.androidnotifications.exact_scheduling"
97-->[:unityLibrary] AndroidManifest.xml:86:13-75
98            android:value="0" />
98-->[:unityLibrary] AndroidManifest.xml:87:13-30
99    </application>
100
101</manifest>